<?xml version="1.0" encoding="UTF-8"?>
<!-- Generated by org.testng.reporters.JUnitReportReporter -->
<testsuite hostname="ASCINLAP61801" failures="0" tests="1" name="parabank.tests.TransferFundsTest" time="17.861" errors="0" timestamp="2025-05-23T11:38:53 IST" skipped="0">
  <testcase classname="parabank.tests.TransferFundsTest" name="testTransferFunds" time="17.861"/>
</testsuite> <!-- parabank.tests.TransferFundsTest -->
