<?xml version="1.0" encoding="UTF-8"?>
<!-- Generated by org.testng.reporters.JUnitReportReporter -->
<testsuite hostname="ASCINLAP61801" failures="0" tests="1" name="parabank.tests.ParabankTest" time="13.464" errors="0" timestamp="2025-05-23T11:25:49 IST" skipped="0">
  <testcase classname="parabank.tests.ParabankTest" name="validLoginTest" time="13.464"/>
</testsuite> <!-- parabank.tests.ParabankTest -->
