<?xml version="1.0" encoding="UTF-8"?>
<!-- Generated by org.testng.reporters.JUnitReportReporter -->
<testsuite hostname="ASCINLAP61801" failures="0" tests="1" name="parabank.tests.ParabankFlowTest" time="27.413" errors="0" timestamp="2025-05-23T12:42:40 IST" skipped="0">
  <testcase classname="parabank.tests.ParabankFlowTest" name="loginAndTransferFundsTest" time="27.413"/>
</testsuite> <!-- parabank.tests.ParabankFlowTest -->
