<?xml version="1.0" encoding="UTF-8"?>
<!-- Generated by org.testng.reporters.JUnitReportReporter -->
<testsuite hostname="ASCINLAP61801" failures="0" tests="3" name="Sauce_Demo_Automation.SauceDemoTest" time="15.227" errors="0" timestamp="2025-05-23T12:36:18 IST" skipped="0">
  <testcase classname="Sauce_Demo_Automation.SauceDemoTest" name="verifyHomePageTitle" time="6.054"/>
  <testcase classname="Sauce_Demo_Automation.SauceDemoTest" name="verifyProductItemsDisplayed" time="3.044"/>
  <testcase classname="Sauce_Demo_Automation.SauceDemoTest" name="addProductToCartAndVerify" time="6.129"/>
</testsuite> <!-- Sauce_Demo_Automation.SauceDemoTest -->
